  delete.cpp
f:\winapi2-\primenumbers\primevisual\delete\delete.cpp(27): warning C4996: 'sprintf': This function or variable may be unsafe. Consider using sprintf_s instead. To disable deprecation, use _CRT_SECURE_NO_WARNINGS. See online help for details.
          d:\new folder\vc\include\stdio.h(371) : see declaration of 'sprintf'
f:\winapi2-\primenumbers\primevisual\delete\delete.cpp(29): warning C4996: 'strcat': This function or variable may be unsafe. Consider using strcat_s instead. To disable deprecation, use _CRT_SECURE_NO_WARNINGS. See online help for details.
          d:\new folder\vc\include\string.h(110) : see declaration of 'strcat'
f:\winapi2-\primenumbers\primevisual\delete\delete.cpp(31): warning C4996: 'strcat': This function or variable may be unsafe. Consider using strcat_s instead. To disable deprecation, use _CRT_SECURE_NO_WARNINGS. See online help for details.
          d:\new folder\vc\include\string.h(110) : see declaration of 'strcat'
f:\winapi2-\primenumbers\primevisual\delete\delete.cpp(69): warning C4996: 'sprintf': This function or variable may be unsafe. Consider using sprintf_s instead. To disable deprecation, use _CRT_SECURE_NO_WARNINGS. See online help for details.
          d:\new folder\vc\include\stdio.h(371) : see declaration of 'sprintf'
f:\winapi2-\primenumbers\primevisual\delete\delete.cpp(71): warning C4996: 'strcat': This function or variable may be unsafe. Consider using strcat_s instead. To disable deprecation, use _CRT_SECURE_NO_WARNINGS. See online help for details.
          d:\new folder\vc\include\string.h(110) : see declaration of 'strcat'
f:\winapi2-\primenumbers\primevisual\delete\delete.cpp(72): warning C4996: 'strcat': This function or variable may be unsafe. Consider using strcat_s instead. To disable deprecation, use _CRT_SECURE_NO_WARNINGS. See online help for details.
          d:\new folder\vc\include\string.h(110) : see declaration of 'strcat'
f:\winapi2-\primenumbers\primevisual\delete\delete.cpp(110): warning C4996: 'sprintf': This function or variable may be unsafe. Consider using sprintf_s instead. To disable deprecation, use _CRT_SECURE_NO_WARNINGS. See online help for details.
          d:\new folder\vc\include\stdio.h(371) : see declaration of 'sprintf'
f:\winapi2-\primenumbers\primevisual\delete\delete.cpp(112): warning C4996: 'strcat': This function or variable may be unsafe. Consider using strcat_s instead. To disable deprecation, use _CRT_SECURE_NO_WARNINGS. See online help for details.
          d:\new folder\vc\include\string.h(110) : see declaration of 'strcat'
f:\winapi2-\primenumbers\primevisual\delete\delete.cpp(114): warning C4996: 'strcat': This function or variable may be unsafe. Consider using strcat_s instead. To disable deprecation, use _CRT_SECURE_NO_WARNINGS. See online help for details.
          d:\new folder\vc\include\string.h(110) : see declaration of 'strcat'
f:\winapi2-\primenumbers\primevisual\delete\delete.cpp(151): warning C4996: 'sprintf': This function or variable may be unsafe. Consider using sprintf_s instead. To disable deprecation, use _CRT_SECURE_NO_WARNINGS. See online help for details.
          d:\new folder\vc\include\stdio.h(371) : see declaration of 'sprintf'
f:\winapi2-\primenumbers\primevisual\delete\delete.cpp(153): warning C4996: 'strcat': This function or variable may be unsafe. Consider using strcat_s instead. To disable deprecation, use _CRT_SECURE_NO_WARNINGS. See online help for details.
          d:\new folder\vc\include\string.h(110) : see declaration of 'strcat'
f:\winapi2-\primenumbers\primevisual\delete\delete.cpp(155): warning C4996: 'strcat': This function or variable may be unsafe. Consider using strcat_s instead. To disable deprecation, use _CRT_SECURE_NO_WARNINGS. See online help for details.
          d:\new folder\vc\include\string.h(110) : see declaration of 'strcat'
f:\winapi2-\primenumbers\primevisual\delete\delete.cpp(192): warning C4996: 'sprintf': This function or variable may be unsafe. Consider using sprintf_s instead. To disable deprecation, use _CRT_SECURE_NO_WARNINGS. See online help for details.
          d:\new folder\vc\include\stdio.h(371) : see declaration of 'sprintf'
f:\winapi2-\primenumbers\primevisual\delete\delete.cpp(194): warning C4996: 'strcat': This function or variable may be unsafe. Consider using strcat_s instead. To disable deprecation, use _CRT_SECURE_NO_WARNINGS. See online help for details.
          d:\new folder\vc\include\string.h(110) : see declaration of 'strcat'
f:\winapi2-\primenumbers\primevisual\delete\delete.cpp(196): warning C4996: 'strcat': This function or variable may be unsafe. Consider using strcat_s instead. To disable deprecation, use _CRT_SECURE_NO_WARNINGS. See online help for details.
          d:\new folder\vc\include\string.h(110) : see declaration of 'strcat'
f:\winapi2-\primenumbers\primevisual\delete\delete.cpp(233): warning C4996: 'sprintf': This function or variable may be unsafe. Consider using sprintf_s instead. To disable deprecation, use _CRT_SECURE_NO_WARNINGS. See online help for details.
          d:\new folder\vc\include\stdio.h(371) : see declaration of 'sprintf'
f:\winapi2-\primenumbers\primevisual\delete\delete.cpp(235): warning C4996: 'strcat': This function or variable may be unsafe. Consider using strcat_s instead. To disable deprecation, use _CRT_SECURE_NO_WARNINGS. See online help for details.
          d:\new folder\vc\include\string.h(110) : see declaration of 'strcat'
f:\winapi2-\primenumbers\primevisual\delete\delete.cpp(237): warning C4996: 'strcat': This function or variable may be unsafe. Consider using strcat_s instead. To disable deprecation, use _CRT_SECURE_NO_WARNINGS. See online help for details.
          d:\new folder\vc\include\string.h(110) : see declaration of 'strcat'
f:\winapi2-\primenumbers\primevisual\delete\delete.cpp(403): warning C4715: 'WinMain' : not all control paths return a value
  delete.vcxproj -> F:\WINAPI2-\primeNumbers\primeVisual\Debug\delete.exe
