F:\WINAPI2-\PRIMENUMBERS\PRIMEVISUAL\DEBUG\DELETE.EXE
F:\WINAPI2-\PRIMENUMBERS\PRIMEVISUAL\DEBUG\DELETE.ILK
F:\WINAPI2-\PRIMENUMBERS\PRIMEVISUAL\DEBUG\DELETE.PDB
F:\WINAPI2-\primeNumbers\primeVisual\delete\Debug\cl.command.1.tlog
F:\WINAPI2-\primeNumbers\primeVisual\delete\Debug\CL.read.1.tlog
F:\WINAPI2-\primeNumbers\primeVisual\delete\Debug\CL.write.1.tlog
F:\WINAPI2-\PRIMENUMBERS\PRIMEVISUAL\DELETE\DEBUG\DELETE.EXE.EMBED.MANIFEST
F:\WINAPI2-\PRIMENUMBERS\PRIMEVISUAL\DELETE\DEBUG\DELETE.EXE.EMBED.MANIFEST.RES
F:\WINAPI2-\PRIMENUMBERS\PRIMEVISUAL\DELETE\DEBUG\DELETE.EXE.INTERMEDIATE.MANIFEST
F:\WINAPI2-\PRIMENUMBERS\PRIMEVISUAL\DELETE\DEBUG\DELETE.OBJ
F:\WINAPI2-\PRIMENUMBERS\PRIMEVISUAL\DELETE\DEBUG\DELETE.PCH
F:\WINAPI2-\PRIMENUMBERS\PRIMEVISUAL\DELETE\DEBUG\DELETE.RES
F:\WINAPI2-\primeNumbers\primeVisual\delete\Debug\delete.write.1.tlog
F:\WINAPI2-\primeNumbers\primeVisual\delete\Debug\delete_manifest.rc
F:\WINAPI2-\primeNumbers\primeVisual\delete\Debug\link.3980.read.1.tlog
F:\WINAPI2-\primeNumbers\primeVisual\delete\Debug\link.3980.write.1.tlog
F:\WINAPI2-\primeNumbers\primeVisual\delete\Debug\link.3980-cvtres.read.1.tlog
F:\WINAPI2-\primeNumbers\primeVisual\delete\Debug\link.3980-cvtres.write.1.tlog
F:\WINAPI2-\primeNumbers\primeVisual\delete\Debug\link.command.1.tlog
F:\WINAPI2-\primeNumbers\primeVisual\delete\Debug\link.read.1.tlog
F:\WINAPI2-\primeNumbers\primeVisual\delete\Debug\link.write.1.tlog
F:\WINAPI2-\primeNumbers\primeVisual\delete\Debug\link-cvtres.read.1.tlog
F:\WINAPI2-\primeNumbers\primeVisual\delete\Debug\link-cvtres.write.1.tlog
F:\WINAPI2-\primeNumbers\primeVisual\delete\Debug\mt.command.1.tlog
F:\WINAPI2-\primeNumbers\primeVisual\delete\Debug\mt.read.1.tlog
F:\WINAPI2-\primeNumbers\primeVisual\delete\Debug\mt.write.1.tlog
F:\WINAPI2-\primeNumbers\primeVisual\delete\Debug\rc.command.1.tlog
F:\WINAPI2-\primeNumbers\primeVisual\delete\Debug\rc.read.1.tlog
F:\WINAPI2-\primeNumbers\primeVisual\delete\Debug\rc.write.1.tlog
F:\WINAPI2-\PRIMENUMBERS\PRIMEVISUAL\DELETE\DEBUG\STDAFX.OBJ
F:\WINAPI2-\primeNumbers\primeVisual\delete\Debug\vc100.idb
F:\WINAPI2-\PRIMENUMBERS\PRIMEVISUAL\DELETE\DEBUG\VC100.PDB
