.\Debug\p21.ilk
.\Debug\p21.pdb
F:\WINAPI2-\DesktopMessanger\.\Debug\p21.exe
F:\WINAPI2-\DesktopMessanger\.\Debug\p21.exe.intermediate.manifest
F:\WINAPI2-\DesktopMessanger\Debug\cl.command.1.tlog
F:\WINAPI2-\DesktopMessanger\Debug\CL.read.1.tlog
F:\WINAPI2-\DesktopMessanger\Debug\CL.write.1.tlog
F:\WINAPI2-\DesktopMessanger\Debug\link.2992.read.1.tlog
F:\WINAPI2-\DesktopMessanger\Debug\link.2992.write.1.tlog
F:\WINAPI2-\DesktopMessanger\Debug\link.2992-cvtres.read.1.tlog
F:\WINAPI2-\DesktopMessanger\Debug\link.2992-cvtres.write.1.tlog
F:\WINAPI2-\DesktopMessanger\Debug\link.command.1.tlog
F:\WINAPI2-\DesktopMessanger\Debug\link.read.1.tlog
F:\WINAPI2-\DesktopMessanger\Debug\link.write.1.tlog
F:\WINAPI2-\DesktopMessanger\Debug\link-cvtres.read.1.tlog
F:\WINAPI2-\DesktopMessanger\Debug\link-cvtres.write.1.tlog
F:\WINAPI2-\DesktopMessanger\Debug\mt.command.1.tlog
F:\WINAPI2-\DesktopMessanger\Debug\mt.read.1.tlog
F:\WINAPI2-\DesktopMessanger\Debug\mt.write.1.tlog
F:\WINAPI2-\DESKTOPMESSANGER\DEBUG\P21.EXE
F:\WINAPI2-\DESKTOPMESSANGER\DEBUG\P21.EXE.EMBED.MANIFEST
F:\WINAPI2-\DESKTOPMESSANGER\DEBUG\P21.EXE.EMBED.MANIFEST.RES
F:\WINAPI2-\DESKTOPMESSANGER\DEBUG\P21.EXE.INTERMEDIATE.MANIFEST
F:\WINAPI2-\DESKTOPMESSANGER\DEBUG\P21.ILK
F:\WINAPI2-\DESKTOPMESSANGER\DEBUG\P21.OBJ
F:\WINAPI2-\DESKTOPMESSANGER\DEBUG\P21.PDB
F:\WINAPI2-\DesktopMessanger\Debug\p21.write.1.tlog
F:\WINAPI2-\DesktopMessanger\Debug\p21_manifest.rc
F:\WINAPI2-\DesktopMessanger\Debug\rc.command.1.tlog
F:\WINAPI2-\DesktopMessanger\Debug\rc.read.1.tlog
F:\WINAPI2-\DesktopMessanger\Debug\rc.write.1.tlog
F:\WINAPI2-\DesktopMessanger\Debug\vc100.idb
F:\WINAPI2-\DESKTOPMESSANGER\DEBUG\VC100.PDB
