F:\WINAPI2-\TRANSPARENT\DEBUG\TRANSPARENT.EXE
F:\WINAPI2-\TRANSPARENT\DEBUG\TRANSPARENT.ILK
F:\WINAPI2-\TRANSPARENT\DEBUG\TRANSPARENT.PDB
F:\WINAPI2-\transparent\transparent\Debug\cl.command.1.tlog
F:\WINAPI2-\transparent\transparent\Debug\CL.read.1.tlog
F:\WINAPI2-\transparent\transparent\Debug\CL.write.1.tlog
F:\WINAPI2-\transparent\transparent\Debug\link.command.1.tlog
F:\WINAPI2-\transparent\transparent\Debug\link.read.1.tlog
F:\WINAPI2-\transparent\transparent\Debug\link.write.1.tlog
F:\WINAPI2-\transparent\transparent\Debug\link-cvtres.read.1.tlog
F:\WINAPI2-\transparent\transparent\Debug\link-cvtres.write.1.tlog
F:\WINAPI2-\transparent\transparent\Debug\mt.command.1.tlog
F:\WINAPI2-\transparent\transparent\Debug\mt.read.1.tlog
F:\WINAPI2-\transparent\transparent\Debug\mt.write.1.tlog
F:\WINAPI2-\transparent\transparent\Debug\rc.command.1.tlog
F:\WINAPI2-\transparent\transparent\Debug\rc.read.1.tlog
F:\WINAPI2-\transparent\transparent\Debug\rc.write.1.tlog
F:\WINAPI2-\TRANSPARENT\TRANSPARENT\DEBUG\STDAFX.OBJ
F:\WINAPI2-\TRANSPARENT\TRANSPARENT\DEBUG\TRANSPARENT.EXE.EMBED.MANIFEST
F:\WINAPI2-\TRANSPARENT\TRANSPARENT\DEBUG\TRANSPARENT.EXE.EMBED.MANIFEST.RES
F:\WINAPI2-\TRANSPARENT\TRANSPARENT\DEBUG\TRANSPARENT.EXE.INTERMEDIATE.MANIFEST
F:\WINAPI2-\TRANSPARENT\TRANSPARENT\DEBUG\TRANSPARENT.OBJ
F:\WINAPI2-\TRANSPARENT\TRANSPARENT\DEBUG\TRANSPARENT.PCH
F:\WINAPI2-\TRANSPARENT\TRANSPARENT\DEBUG\TRANSPARENT.RES
F:\WINAPI2-\transparent\transparent\Debug\transparent.vcxprojResolveAssemblyReference.cache
F:\WINAPI2-\transparent\transparent\Debug\transparent.write.1.tlog
F:\WINAPI2-\transparent\transparent\Debug\transparent_manifest.rc
F:\WINAPI2-\transparent\transparent\Debug\vc100.idb
F:\WINAPI2-\TRANSPARENT\TRANSPARENT\DEBUG\VC100.PDB
