Build started 12/24/2018 8:24:22 PM.
     1>Project "D:\WINAPI2-\transparent\transparent\transparent.vcxproj" on node 2 (build target(s)).
     1>InitializeBuildStatus:
         Creating "Debug\transparent.unsuccessfulbuild" because "AlwaysCreate" was specified.
       ClCompile:
         D:\New Folder\VC\bin\CL.exe /c /ZI /nologo /W3 /WX- /Od /Oy- /D WIN32 /D _DEBUG /D _WINDOWS /D _MBCS /Gm /EHsc /RTC1 /MDd /GS /fp:precise /Zc:wchar_t /Zc:forScope /Yc"StdAfx.h" /Fp"Debug\transparent.pch" /Fo"Debug\\" /Fd"Debug\vc100.pdb" /Gd /TP /analyze- /errorReport:prompt stdafx.cpp
         stdafx.cpp
         D:\New Folder\VC\bin\CL.exe /c /ZI /nologo /W3 /WX- /Od /Oy- /D WIN32 /D _DEBUG /D _WINDOWS /D _MBCS /Gm /EHsc /RTC1 /MDd /GS /fp:precise /Zc:wchar_t /Zc:forScope /Yu"StdAfx.h" /Fp"Debug\transparent.pch" /Fo"Debug\\" /Fd"Debug\vc100.pdb" /Gd /TP /analyze- /errorReport:prompt transparent.cpp
         transparent.cpp
     1>d:\winapi2-\transparent\transparent\transparent.cpp(306): warning C4101: 'rect' : unreferenced local variable
     1>d:\winapi2-\transparent\transparent\transparent.cpp(304): warning C4101: 'ps' : unreferenced local variable
     1>d:\winapi2-\transparent\transparent\transparent.cpp(307): warning C4101: 'name' : unreferenced local variable
     1>d:\winapi2-\transparent\transparent\transparent.cpp(305): warning C4101: 'hdc' : unreferenced local variable
       ResourceCompile:
         C:\Program Files (x86)\Microsoft SDKs\Windows\v7.0A\bin\rc.exe /l"0x0409" /nologo /fo"Debug\transparent.res" transparent.rc 
       ManifestResourceCompile:
         C:\Program Files (x86)\Microsoft SDKs\Windows\v7.0A\bin\rc.exe /nologo /fo"Debug\transparent.exe.embed.manifest.res" Debug\transparent_manifest.rc 
       Link:
         D:\New Folder\VC\bin\link.exe /ERRORREPORT:PROMPT /OUT:"D:\WINAPI2-\transparent\Debug\transparent.exe" /INCREMENTAL /NOLOGO kernel32.lib user32.lib gdi32.lib winspool.lib comdlg32.lib advapi32.lib shell32.lib ole32.lib oleaut32.lib uuid.lib odbc32.lib odbccp32.lib /MANIFEST /ManifestFile:"Debug\transparent.exe.intermediate.manifest" /MANIFESTUAC:"level='asInvoker' uiAccess='false'" /DEBUG /PDB:"D:\WINAPI2-\transparent\Debug\transparent.pdb" /SUBSYSTEM:WINDOWS /TLBID:1 /DYNAMICBASE /NXCOMPAT /IMPLIB:"D:\WINAPI2-\transparent\Debug\transparent.lib" /MACHINE:X86 Debug\transparent.res
         Debug\transparent.exe.embed.manifest.res
         Debug\stdafx.obj
         Debug\transparent.obj
         LINK : D:\WINAPI2-\transparent\Debug\transparent.exe not found or not built by the last incremental link; performing full link
       Manifest:
         C:\Program Files (x86)\Microsoft SDKs\Windows\v7.0A\bin\mt.exe /nologo /verbose /out:"Debug\transparent.exe.embed.manifest" /manifest Debug\transparent.exe.intermediate.manifest
         All outputs are up-to-date.
       LinkEmbedManifest:
         All outputs are up-to-date.
         transparent.vcxproj -> D:\WINAPI2-\transparent\Debug\transparent.exe
       FinalizeBuildStatus:
         Deleting file "Debug\transparent.unsuccessfulbuild".
         Touching "Debug\transparent.lastbuildstate".
     1>Done Building Project "D:\WINAPI2-\transparent\transparent\transparent.vcxproj" (build target(s)).

Build succeeded.

Time Elapsed 00:00:13.95
