.\Debug\p21.ilk
.\Debug\p21.pdb
F:\WINAPI2-\SERVICES\P21\DEBUG\P21.EXE
F:\WINAPI2-\SERVICES\P21\DEBUG\P21.EXE.EMBED.MANIFEST
F:\WINAPI2-\SERVICES\P21\DEBUG\P21.EXE.EMBED.MANIFEST.RES
F:\WINAPI2-\SERVICES\P21\DEBUG\P21.EXE.INTERMEDIATE.MANIFEST
F:\WINAPI2-\SERVICES\P21\DEBUG\P21.ILK
F:\WINAPI2-\SERVICES\P21\DEBUG\P21.OBJ
F:\WINAPI2-\SERVICES\P21\DEBUG\P21.PDB
F:\WINAPI2-\SERVICES\P21\DEBUG\VC100.PDB
F:\WINAPI2-\SERVICES\p22\.\Debug\p21.exe
F:\WINAPI2-\SERVICES\p22\.\Debug\p21.exe.intermediate.manifest
F:\WINAPI2-\SERVICES\p22\Debug\cl.command.1.tlog
F:\WINAPI2-\SERVICES\p22\Debug\CL.read.1.tlog
F:\WINAPI2-\SERVICES\p22\Debug\CL.write.1.tlog
F:\WINAPI2-\SERVICES\p22\Debug\link.2180.read.1.tlog
F:\WINAPI2-\SERVICES\p22\Debug\link.2180.write.1.tlog
F:\WINAPI2-\SERVICES\p22\Debug\link.2180-cvtres.read.1.tlog
F:\WINAPI2-\SERVICES\p22\Debug\link.2180-cvtres.write.1.tlog
F:\WINAPI2-\SERVICES\p22\Debug\link.2468.read.1.tlog
F:\WINAPI2-\SERVICES\p22\Debug\link.2468.write.1.tlog
F:\WINAPI2-\SERVICES\p22\Debug\link.2468-cvtres.read.1.tlog
F:\WINAPI2-\SERVICES\p22\Debug\link.2468-cvtres.write.1.tlog
F:\WINAPI2-\SERVICES\p22\Debug\link.3328.read.1.tlog
F:\WINAPI2-\SERVICES\p22\Debug\link.3328.write.1.tlog
F:\WINAPI2-\SERVICES\p22\Debug\link.3328-cvtres.read.1.tlog
F:\WINAPI2-\SERVICES\p22\Debug\link.3328-cvtres.write.1.tlog
F:\WINAPI2-\SERVICES\p22\Debug\link.5560.read.1.tlog
F:\WINAPI2-\SERVICES\p22\Debug\link.5560.write.1.tlog
F:\WINAPI2-\SERVICES\p22\Debug\link.5560-cvtres.read.1.tlog
F:\WINAPI2-\SERVICES\p22\Debug\link.5560-cvtres.write.1.tlog
F:\WINAPI2-\SERVICES\p22\Debug\link.command.1.tlog
F:\WINAPI2-\SERVICES\p22\Debug\link.read.1.tlog
F:\WINAPI2-\SERVICES\p22\Debug\link.write.1.tlog
F:\WINAPI2-\SERVICES\p22\Debug\link-cvtres.read.1.tlog
F:\WINAPI2-\SERVICES\p22\Debug\link-cvtres.write.1.tlog
F:\WINAPI2-\SERVICES\p22\Debug\mt.command.1.tlog
F:\WINAPI2-\SERVICES\p22\Debug\mt.read.1.tlog
F:\WINAPI2-\SERVICES\p22\Debug\mt.write.1.tlog
F:\WINAPI2-\SERVICES\P22\DEBUG\P21.EXE
F:\WINAPI2-\SERVICES\p22\Debug\p21.exe.embed.manifest
F:\WINAPI2-\SERVICES\P22\DEBUG\P21.EXE.EMBED.MANIFEST.RES
F:\WINAPI2-\SERVICES\P22\DEBUG\P21.EXE.INTERMEDIATE.MANIFEST
F:\WINAPI2-\SERVICES\P22\DEBUG\P21.ILK
F:\WINAPI2-\SERVICES\P22\DEBUG\P21.OBJ
F:\WINAPI2-\SERVICES\P22\DEBUG\P21.PDB
F:\WINAPI2-\SERVICES\p22\Debug\p21.vcxprojResolveAssemblyReference.cache
F:\WINAPI2-\SERVICES\p22\Debug\p21.write.1.tlog
F:\WINAPI2-\SERVICES\p22\Debug\p21_manifest.rc
F:\WINAPI2-\SERVICES\p22\Debug\rc.command.1.tlog
F:\WINAPI2-\SERVICES\p22\Debug\rc.read.1.tlog
F:\WINAPI2-\SERVICES\p22\Debug\rc.write.1.tlog
F:\WINAPI2-\SERVICES\p22\Debug\vc100.idb
F:\WINAPI2-\SERVICES\P22\DEBUG\VC100.PDB
