Build started 12/30/2018 7:44:17 PM.
     1>Project "D:\WINAPI2-\Line on desktop\p21.vcxproj" on node 2 (build target(s)).
     1>InitializeBuildStatus:
         Creating ".\Debug\p21.unsuccessfulbuild" because "AlwaysCreate" was specified.
       ClCompile:
         D:\New Folder\VC\bin\CL.exe /c /ZI /nologo /W3 /WX- /Od /Oy- /D WIN32 /D _DEBUG /D _WINDOWS /D _VC80_UPGRADE=0x0600 /D _MBCS /Gm /EHsc /RTC1 /MTd /GS /Gy- /fp:precise /Zc:wchar_t /Zc:forScope /Fo".\Debug\\" /Fd".\Debug\vc100.pdb" /Gd /TP /analyze- /errorReport:prompt p21.cpp
         p21.cpp
     1>d:\winapi2-\line on desktop\mouse_msg.cpp(18): warning C4996: 'sprintf': This function or variable may be unsafe. Consider using sprintf_s instead. To disable deprecation, use _CRT_SECURE_NO_WARNINGS. See online help for details.
                 d:\new folder\vc\include\stdio.h(371) : see declaration of 'sprintf'
     1>d:\winapi2-\line on desktop\cmd_msg.cpp(8): warning C4101: 'hfontPrev' : unreferenced local variable
     1>d:\winapi2-\line on desktop\cmd_msg.cpp(69): warning C4244: 'argument' : conversion from 'double' to 'int', possible loss of data
     1>d:\winapi2-\line on desktop\cmd_msg.cpp(69): warning C4244: 'argument' : conversion from 'double' to 'int', possible loss of data
     1>d:\winapi2-\line on desktop\cmd_msg.cpp(70): warning C4244: 'argument' : conversion from 'double' to 'int', possible loss of data
     1>d:\winapi2-\line on desktop\cmd_msg.cpp(70): warning C4244: 'argument' : conversion from 'double' to 'int', possible loss of data
     1>d:\winapi2-\line on desktop\cmd_msg.cpp(71): warning C4244: 'argument' : conversion from 'double' to 'int', possible loss of data
     1>d:\winapi2-\line on desktop\cmd_msg.cpp(71): warning C4244: 'argument' : conversion from 'double' to 'int', possible loss of data
     1>d:\winapi2-\line on desktop\cmd_msg.cpp(72): warning C4244: 'argument' : conversion from 'double' to 'int', possible loss of data
     1>d:\winapi2-\line on desktop\cmd_msg.cpp(72): warning C4244: 'argument' : conversion from 'double' to 'int', possible loss of data
     1>d:\winapi2-\line on desktop\cmd_msg.cpp(104): warning C4996: 'strcat': This function or variable may be unsafe. Consider using strcat_s instead. To disable deprecation, use _CRT_SECURE_NO_WARNINGS. See online help for details.
                 d:\new folder\vc\include\string.h(110) : see declaration of 'strcat'
     1>d:\winapi2-\line on desktop\cmd_msg.cpp(48): warning C4101: 'gm' : unreferenced local variable
     1>d:\winapi2-\line on desktop\paint.cpp(11): warning C4996: 'sprintf': This function or variable may be unsafe. Consider using sprintf_s instead. To disable deprecation, use _CRT_SECURE_NO_WARNINGS. See online help for details.
                 d:\new folder\vc\include\stdio.h(371) : see declaration of 'sprintf'
     1>d:\winapi2-\line on desktop\p21.cpp(77): warning C4244: 'argument' : conversion from 'double' to 'int', possible loss of data
     1>d:\winapi2-\line on desktop\p21.cpp(77): warning C4244: 'argument' : conversion from 'double' to 'int', possible loss of data
     1>d:\winapi2-\line on desktop\p21.cpp(78): warning C4244: 'argument' : conversion from 'double' to 'int', possible loss of data
     1>d:\winapi2-\line on desktop\p21.cpp(78): warning C4244: 'argument' : conversion from 'double' to 'int', possible loss of data
     1>d:\winapi2-\line on desktop\p21.cpp(79): warning C4244: 'argument' : conversion from 'double' to 'int', possible loss of data
     1>d:\winapi2-\line on desktop\p21.cpp(79): warning C4244: 'argument' : conversion from 'double' to 'int', possible loss of data
     1>d:\winapi2-\line on desktop\p21.cpp(80): warning C4244: 'argument' : conversion from 'double' to 'int', possible loss of data
     1>d:\winapi2-\line on desktop\p21.cpp(80): warning C4244: 'argument' : conversion from 'double' to 'int', possible loss of data
     1>d:\winapi2-\line on desktop\p21.cpp(81): warning C4244: 'argument' : conversion from 'double' to 'int', possible loss of data
     1>d:\winapi2-\line on desktop\p21.cpp(81): warning C4244: 'argument' : conversion from 'double' to 'int', possible loss of data
     1>d:\winapi2-\line on desktop\p21.cpp(29): warning C4101: 'gm' : unreferenced local variable
     1>d:\winapi2-\line on desktop\cmd_msg.cpp(24): warning C4700: uninitialized local variable 'hdc' used
     1>d:\winapi2-\line on desktop\on_create.cpp(33): warning C4715: 'create_menu' : not all control paths return a value
     1>d:\winapi2-\line on desktop\p21.cpp(172): warning C4715: 'WinMain' : not all control paths return a value
       ManifestResourceCompile:
         All outputs are up-to-date.
       Link:
         D:\New Folder\VC\bin\link.exe /ERRORREPORT:PROMPT /OUT:".\Debug\p21.exe" /INCREMENTAL /NOLOGO odbc32.lib odbccp32.lib kernel32.lib user32.lib gdi32.lib winspool.lib comdlg32.lib advapi32.lib shell32.lib ole32.lib oleaut32.lib uuid.lib odbc32.lib odbccp32.lib /MANIFEST /ManifestFile:".\Debug\p21.exe.intermediate.manifest" /MANIFESTUAC:"level='asInvoker' uiAccess='false'" /DEBUG /PDB:"D:\WINAPI2-\Line on desktop\Debug\p21.pdb" /SUBSYSTEM:WINDOWS /TLBID:1 /DYNAMICBASE /NXCOMPAT /IMPLIB:".\Debug\p21.lib" /MACHINE:X86 .\Debug\p21.exe.embed.manifest.res
         .\Debug\p21.obj
       Manifest:
         C:\Program Files (x86)\Microsoft SDKs\Windows\v7.0A\bin\mt.exe /nologo /verbose /out:".\Debug\p21.exe.embed.manifest" /manifest .\Debug\p21.exe.intermediate.manifest
         All outputs are up-to-date.
       LinkEmbedManifest:
         All outputs are up-to-date.
         p21.vcxproj -> D:\WINAPI2-\Line on desktop\.\Debug\p21.exe
       FinalizeBuildStatus:
         Deleting file ".\Debug\p21.unsuccessfulbuild".
         Touching ".\Debug\p21.lastbuildstate".
     1>Done Building Project "D:\WINAPI2-\Line on desktop\p21.vcxproj" (build target(s)).

Build succeeded.

Time Elapsed 00:00:02.72
