F:\WINAPI1-\SOCKET C\I\CLIENT\DEBUG\SOCKETS.EXE
F:\WINAPI1-\SOCKET C\I\CLIENT\DEBUG\SOCKETS.ILK
F:\WINAPI1-\SOCKET C\I\CLIENT\DEBUG\SOCKETS.PDB
F:\WINAPI1-\SOCKET C\I\CLIENT\SOCKETS\DEBUG\MAIN.OBJ
F:\WINAPI1-\SOCKET C\I\CLIENT\SOCKETS\DEBUG\SOCKETS.EXE.INTERMEDIATE.MANIFEST
F:\WINAPI1-\SOCKET C\I\CLIENT\SOCKETS\DEBUG\VC100.PDB
F:\WINAPI2-\I\CLIENT\DEBUG\SOCKETS.EXE
F:\WINAPI2-\I\CLIENT\DEBUG\SOCKETS.ILK
F:\WINAPI2-\I\CLIENT\DEBUG\SOCKETS.PDB
F:\WINAPI2-\I\CLIENT\SOCKETS\DEBUG\MAIN.OBJ
F:\WINAPI2-\I\CLIENT\SOCKETS\DEBUG\SOCKETS.EXE.INTERMEDIATE.MANIFEST
F:\WINAPI2-\I\CLIENT\SOCKETS\DEBUG\VC100.PDB
F:\WINAPI2-\I\SURATEBIS GAGZAVNA\CLIENT\DEBUG\SOCKETS.EXE
F:\WINAPI2-\I\SURATEBIS GAGZAVNA\CLIENT\DEBUG\SOCKETS.ILK
F:\WINAPI2-\I\SURATEBIS GAGZAVNA\CLIENT\DEBUG\SOCKETS.PDB
F:\WINAPI2-\I\suratebis gagzavna\client\sockets\Debug\cl.command.1.tlog
F:\WINAPI2-\I\suratebis gagzavna\client\sockets\Debug\CL.read.1.tlog
F:\WINAPI2-\I\suratebis gagzavna\client\sockets\Debug\CL.write.1.tlog
F:\WINAPI2-\I\suratebis gagzavna\client\sockets\Debug\link.command.1.tlog
F:\WINAPI2-\I\suratebis gagzavna\client\sockets\Debug\link.read.1.tlog
F:\WINAPI2-\I\suratebis gagzavna\client\sockets\Debug\link.write.1.tlog
F:\WINAPI2-\I\SURATEBIS GAGZAVNA\CLIENT\SOCKETS\DEBUG\MAIN.OBJ
F:\WINAPI2-\I\suratebis gagzavna\client\sockets\Debug\mt.command.1.tlog
F:\WINAPI2-\I\suratebis gagzavna\client\sockets\Debug\mt.read.1.tlog
F:\WINAPI2-\I\suratebis gagzavna\client\sockets\Debug\mt.write.1.tlog
F:\WINAPI2-\I\SURATEBIS GAGZAVNA\CLIENT\SOCKETS\DEBUG\SOCKETS.EXE.INTERMEDIATE.MANIFEST
F:\WINAPI2-\I\suratebis gagzavna\client\sockets\Debug\sockets.vcxprojResolveAssemblyReference.cache
F:\WINAPI2-\I\suratebis gagzavna\client\sockets\Debug\sockets.write.1.tlog
F:\WINAPI2-\I\suratebis gagzavna\client\sockets\Debug\vc100.idb
F:\WINAPI2-\I\SURATEBIS GAGZAVNA\CLIENT\SOCKETS\DEBUG\VC100.PDB
