  main.cpp
f:\winapi2-\dzebnaa\finde\finde\main.cpp(39): warning C4996: 'wcscpy': This function or variable may be unsafe. Consider using wcscpy_s instead. To disable deprecation, use _CRT_SECURE_NO_WARNINGS. See online help for details.
          d:\new folder\vc\include\string.h(283) : see declaration of 'wcscpy'
f:\winapi2-\dzebnaa\finde\finde\main.cpp(40): warning C4996: 'wcscat': This function or variable may be unsafe. Consider using wcscat_s instead. To disable deprecation, use _CRT_SECURE_NO_WARNINGS. See online help for details.
          d:\new folder\vc\include\string.h(276) : see declaration of 'wcscat'
f:\winapi2-\dzebnaa\finde\finde\main.cpp(41): warning C4996: 'wcscat': This function or variable may be unsafe. Consider using wcscat_s instead. To disable deprecation, use _CRT_SECURE_NO_WARNINGS. See online help for details.
          d:\new folder\vc\include\string.h(276) : see declaration of 'wcscat'
f:\winapi2-\dzebnaa\finde\finde\main.cpp(42): warning C4996: 'wcscpy': This function or variable may be unsafe. Consider using wcscpy_s instead. To disable deprecation, use _CRT_SECURE_NO_WARNINGS. See online help for details.
          d:\new folder\vc\include\string.h(283) : see declaration of 'wcscpy'
f:\winapi2-\dzebnaa\finde\finde\main.cpp(43): warning C4996: 'wcscat': This function or variable may be unsafe. Consider using wcscat_s instead. To disable deprecation, use _CRT_SECURE_NO_WARNINGS. See online help for details.
          d:\new folder\vc\include\string.h(276) : see declaration of 'wcscat'
f:\winapi2-\dzebnaa\finde\finde\main.cpp(58): warning C4996: 'wcscpy': This function or variable may be unsafe. Consider using wcscpy_s instead. To disable deprecation, use _CRT_SECURE_NO_WARNINGS. See online help for details.
          d:\new folder\vc\include\string.h(283) : see declaration of 'wcscpy'
f:\winapi2-\dzebnaa\finde\finde\main.cpp(88): warning C4996: 'wcscpy': This function or variable may be unsafe. Consider using wcscpy_s instead. To disable deprecation, use _CRT_SECURE_NO_WARNINGS. See online help for details.
          d:\new folder\vc\include\string.h(283) : see declaration of 'wcscpy'
f:\winapi2-\dzebnaa\finde\finde\main.cpp(89): warning C4996: 'wcscat': This function or variable may be unsafe. Consider using wcscat_s instead. To disable deprecation, use _CRT_SECURE_NO_WARNINGS. See online help for details.
          d:\new folder\vc\include\string.h(276) : see declaration of 'wcscat'
f:\winapi2-\dzebnaa\finde\finde\main.cpp(90): warning C4996: 'wcscat': This function or variable may be unsafe. Consider using wcscat_s instead. To disable deprecation, use _CRT_SECURE_NO_WARNINGS. See online help for details.
          d:\new folder\vc\include\string.h(276) : see declaration of 'wcscat'
  LINK : F:\WINAPI2-\dzebnaa\finde\Debug\finde.exe not found or not built by the last incremental link; performing full link
  finde.vcxproj -> F:\WINAPI2-\dzebnaa\finde\Debug\finde.exe
