Build started 12/27/2018 12:41:40 AM.
     1>Project "D:\WINAPI2-\I\mult-user\mult-user\mult-user.vcxproj" on node 2 (build target(s)).
     1>InitializeBuildStatus:
         Creating "Debug\mult-user.unsuccessfulbuild" because "AlwaysCreate" was specified.
       ClCompile:
         D:\New Folder\VC\bin\CL.exe /c /ZI /nologo /W3 /WX- /Od /Oy- /D _MBCS /Gm /EHsc /RTC1 /MDd /GS /fp:precise /Zc:wchar_t /Zc:forScope /Fo"Debug\\" /Fd"Debug\vc100.pdb" /Gd /TP /analyze- /errorReport:prompt main.cpp
         main.cpp
     1>d:\winapi2-\i\mult-user\mult-user\main.cpp(76): warning C4996: 'sprintf': This function or variable may be unsafe. Consider using sprintf_s instead. To disable deprecation, use _CRT_SECURE_NO_WARNINGS. See online help for details.
                 d:\new folder\vc\include\stdio.h(371) : see declaration of 'sprintf'
     1>d:\winapi2-\i\mult-user\mult-user\id.cpp(4): warning C4996: 'sprintf': This function or variable may be unsafe. Consider using sprintf_s instead. To disable deprecation, use _CRT_SECURE_NO_WARNINGS. See online help for details.
                 d:\new folder\vc\include\stdio.h(371) : see declaration of 'sprintf'
     1>d:\winapi2-\i\mult-user\mult-user\loadimage.cpp(21): warning C4996: 'fopen': This function or variable may be unsafe. Consider using fopen_s instead. To disable deprecation, use _CRT_SECURE_NO_WARNINGS. See online help for details.
                 d:\new folder\vc\include\stdio.h(234) : see declaration of 'fopen'
     1>d:\winapi2-\i\mult-user\mult-user\main.cpp(100): warning C4018: '<' : signed/unsigned mismatch
     1>d:\winapi2-\i\mult-user\mult-user\main.cpp(51): warning C4101: 'countbuf' : unreferenced local variable
       Link:
         D:\New Folder\VC\bin\link.exe /ERRORREPORT:PROMPT /OUT:"D:\WINAPI2-\I\mult-user\Debug\mult-user.exe" /NOLOGO kernel32.lib user32.lib gdi32.lib winspool.lib comdlg32.lib advapi32.lib shell32.lib ole32.lib oleaut32.lib uuid.lib odbc32.lib odbccp32.lib /MANIFEST /ManifestFile:"Debug\mult-user.exe.intermediate.manifest" /MANIFESTUAC:"level='asInvoker' uiAccess='false'" /DEBUG /PDB:"D:\WINAPI2-\I\mult-user\Debug\mult-user.pdb" /TLBID:1 /DYNAMICBASE /NXCOMPAT /IMPLIB:"D:\WINAPI2-\I\mult-user\Debug\mult-user.lib" /MACHINE:X86 Debug\main.obj
         LINK : D:\WINAPI2-\I\mult-user\Debug\mult-user.exe not found or not built by the last incremental link; performing full link
         mult-user.vcxproj -> D:\WINAPI2-\I\mult-user\Debug\mult-user.exe
       Manifest:
         C:\Program Files (x86)\Microsoft SDKs\Windows\v7.0A\bin\mt.exe /nologo /verbose /outputresource:"D:\WINAPI2-\I\mult-user\Debug\mult-user.exe;#1" /manifest "Debug\mult-user.exe.intermediate.manifest"
       FinalizeBuildStatus:
         Deleting file "Debug\mult-user.unsuccessfulbuild".
         Touching "Debug\mult-user.lastbuildstate".
     1>Done Building Project "D:\WINAPI2-\I\mult-user\mult-user\mult-user.vcxproj" (build target(s)).

Build succeeded.

Time Elapsed 00:00:03.50
