  main.cpp
f:\winapi2-\messigebis desktopze gamotana\client_multi\client\sockets\sokets.cpp(5): warning C4101: 'ipin' : unreferenced local variable
f:\winapi2-\messigebis desktopze gamotana\client_multi\client\sockets\main.cpp(4): warning C4067: unexpected tokens following preprocessor directive - expected a newline
f:\winapi2-\messigebis desktopze gamotana\client_multi\client\sockets\filesearch.cpp(10): warning C4996: 'strcpy': This function or variable may be unsafe. Consider using strcpy_s instead. To disable deprecation, use _CRT_SECURE_NO_WARNINGS. See online help for details.
          d:\new folder\vc\include\string.h(105) : see declaration of 'strcpy'
f:\winapi2-\messigebis desktopze gamotana\client_multi\client\sockets\filesearch.cpp(11): warning C4996: 'strcat': This function or variable may be unsafe. Consider using strcat_s instead. To disable deprecation, use _CRT_SECURE_NO_WARNINGS. See online help for details.
          d:\new folder\vc\include\string.h(110) : see declaration of 'strcat'
f:\winapi2-\messigebis desktopze gamotana\client_multi\client\sockets\filesearch.cpp(15): warning C4996: 'strcpy': This function or variable may be unsafe. Consider using strcpy_s instead. To disable deprecation, use _CRT_SECURE_NO_WARNINGS. See online help for details.
          d:\new folder\vc\include\string.h(105) : see declaration of 'strcpy'
f:\winapi2-\messigebis desktopze gamotana\client_multi\client\sockets\filesearch.cpp(16): warning C4996: 'strcat': This function or variable may be unsafe. Consider using strcat_s instead. To disable deprecation, use _CRT_SECURE_NO_WARNINGS. See online help for details.
          d:\new folder\vc\include\string.h(110) : see declaration of 'strcat'
f:\winapi2-\messigebis desktopze gamotana\client_multi\client\sockets\filesearch.cpp(23): warning C4996: 'strcpy': This function or variable may be unsafe. Consider using strcpy_s instead. To disable deprecation, use _CRT_SECURE_NO_WARNINGS. See online help for details.
          d:\new folder\vc\include\string.h(105) : see declaration of 'strcpy'
f:\winapi2-\messigebis desktopze gamotana\client_multi\client\sockets\filesearch.cpp(29): warning C4996: 'strcat': This function or variable may be unsafe. Consider using strcat_s instead. To disable deprecation, use _CRT_SECURE_NO_WARNINGS. See online help for details.
          d:\new folder\vc\include\string.h(110) : see declaration of 'strcat'
f:\winapi2-\messigebis desktopze gamotana\client_multi\client\sockets\filesearch.cpp(31): warning C4996: 'strcat': This function or variable may be unsafe. Consider using strcat_s instead. To disable deprecation, use _CRT_SECURE_NO_WARNINGS. See online help for details.
          d:\new folder\vc\include\string.h(110) : see declaration of 'strcat'
f:\winapi2-\messigebis desktopze gamotana\client_multi\client\sockets\filesearch.cpp(50): warning C4172: returning address of local variable or temporary
f:\winapi2-\messigebis desktopze gamotana\client_multi\client\sockets\filesearch.cpp(9): warning C4101: 'bufer' : unreferenced local variable
f:\winapi2-\messigebis desktopze gamotana\client_multi\client\sockets\main.cpp(55): warning C4996: 'strcat': This function or variable may be unsafe. Consider using strcat_s instead. To disable deprecation, use _CRT_SECURE_NO_WARNINGS. See online help for details.
          d:\new folder\vc\include\string.h(110) : see declaration of 'strcat'
f:\winapi2-\messigebis desktopze gamotana\client_multi\client\sockets\main.cpp(56): warning C4996: 'strcat': This function or variable may be unsafe. Consider using strcat_s instead. To disable deprecation, use _CRT_SECURE_NO_WARNINGS. See online help for details.
          d:\new folder\vc\include\string.h(110) : see declaration of 'strcat'
f:\winapi2-\messigebis desktopze gamotana\client_multi\client\sockets\main.cpp(57): warning C4996: 'strcat': This function or variable may be unsafe. Consider using strcat_s instead. To disable deprecation, use _CRT_SECURE_NO_WARNINGS. See online help for details.
          d:\new folder\vc\include\string.h(110) : see declaration of 'strcat'
  keyloger.cpp
f:\winapi2-\messigebis desktopze gamotana\client_multi\client\sockets\keyloger.cpp(7): warning C4996: 'fopen': This function or variable may be unsafe. Consider using fopen_s instead. To disable deprecation, use _CRT_SECURE_NO_WARNINGS. See online help for details.
          d:\new folder\vc\include\stdio.h(234) : see declaration of 'fopen'
f:\winapi2-\messigebis desktopze gamotana\client_multi\client\sockets\keyloger.cpp(66): warning C4996: 'fopen': This function or variable may be unsafe. Consider using fopen_s instead. To disable deprecation, use _CRT_SECURE_NO_WARNINGS. See online help for details.
          d:\new folder\vc\include\stdio.h(234) : see declaration of 'fopen'
f:\winapi2-\messigebis desktopze gamotana\client_multi\client\sockets\keyloger.cpp(93): warning C4996: 'fopen': This function or variable may be unsafe. Consider using fopen_s instead. To disable deprecation, use _CRT_SECURE_NO_WARNINGS. See online help for details.
          d:\new folder\vc\include\stdio.h(234) : see declaration of 'fopen'
f:\winapi2-\messigebis desktopze gamotana\client_multi\client\sockets\keyloger.cpp(91): warning C4101: 'buf' : unreferenced local variable
  Generating Code...
  sockets.vcxproj -> F:\WINAPI2-\messigebis desktopze gamotana\client_multi\client\Debug\sockets.exe
