F:\WINAPI2-\DZEBNA DIREQTORIEBSHI\DEBUG\DZEBNA DIREQTORIEBSHI.EXE
F:\WINAPI2-\DZEBNA DIREQTORIEBSHI\DEBUG\DZEBNA DIREQTORIEBSHI.ILK
F:\WINAPI2-\DZEBNA DIREQTORIEBSHI\DEBUG\DZEBNA DIREQTORIEBSHI.PDB
F:\WINAPI2-\dzebna direqtoriebshi\dzebna direqtoriebshi\Debug\cl.command.1.tlog
F:\WINAPI2-\dzebna direqtoriebshi\dzebna direqtoriebshi\Debug\CL.read.1.tlog
F:\WINAPI2-\dzebna direqtoriebshi\dzebna direqtoriebshi\Debug\CL.write.1.tlog
F:\WINAPI2-\DZEBNA DIREQTORIEBSHI\DZEBNA DIREQTORIEBSHI\DEBUG\DZEBNA DIREQTORIEBSHI.EXE.EMBED.MANIFEST
F:\WINAPI2-\DZEBNA DIREQTORIEBSHI\DZEBNA DIREQTORIEBSHI\DEBUG\DZEBNA DIREQTORIEBSHI.EXE.EMBED.MANIFEST.RES
F:\WINAPI2-\DZEBNA DIREQTORIEBSHI\DZEBNA DIREQTORIEBSHI\DEBUG\DZEBNA DIREQTORIEBSHI.EXE.INTERMEDIATE.MANIFEST
F:\WINAPI2-\dzebna direqtoriebshi\dzebna direqtoriebshi\Debug\dzebna direqtoriebshi.vcxprojResolveAssemblyReference.cache
F:\WINAPI2-\dzebna direqtoriebshi\dzebna direqtoriebshi\Debug\dzebna direqtoriebshi.write.1.tlog
F:\WINAPI2-\dzebna direqtoriebshi\dzebna direqtoriebshi\Debug\dzebna direqtoriebshi_manifest.rc
F:\WINAPI2-\dzebna direqtoriebshi\dzebna direqtoriebshi\Debug\link.2484.read.1.tlog
F:\WINAPI2-\dzebna direqtoriebshi\dzebna direqtoriebshi\Debug\link.2484.write.1.tlog
F:\WINAPI2-\dzebna direqtoriebshi\dzebna direqtoriebshi\Debug\link.2484-cvtres.read.1.tlog
F:\WINAPI2-\dzebna direqtoriebshi\dzebna direqtoriebshi\Debug\link.2484-cvtres.write.1.tlog
F:\WINAPI2-\dzebna direqtoriebshi\dzebna direqtoriebshi\Debug\link.command.1.tlog
F:\WINAPI2-\dzebna direqtoriebshi\dzebna direqtoriebshi\Debug\link.read.1.tlog
F:\WINAPI2-\dzebna direqtoriebshi\dzebna direqtoriebshi\Debug\link.write.1.tlog
F:\WINAPI2-\dzebna direqtoriebshi\dzebna direqtoriebshi\Debug\link-cvtres.read.1.tlog
F:\WINAPI2-\dzebna direqtoriebshi\dzebna direqtoriebshi\Debug\link-cvtres.write.1.tlog
F:\WINAPI2-\DZEBNA DIREQTORIEBSHI\DZEBNA DIREQTORIEBSHI\DEBUG\MAIN.OBJ
F:\WINAPI2-\dzebna direqtoriebshi\dzebna direqtoriebshi\Debug\mt.command.1.tlog
F:\WINAPI2-\dzebna direqtoriebshi\dzebna direqtoriebshi\Debug\mt.read.1.tlog
F:\WINAPI2-\dzebna direqtoriebshi\dzebna direqtoriebshi\Debug\mt.write.1.tlog
F:\WINAPI2-\dzebna direqtoriebshi\dzebna direqtoriebshi\Debug\rc.command.1.tlog
F:\WINAPI2-\dzebna direqtoriebshi\dzebna direqtoriebshi\Debug\rc.read.1.tlog
F:\WINAPI2-\dzebna direqtoriebshi\dzebna direqtoriebshi\Debug\rc.write.1.tlog
F:\WINAPI2-\dzebna direqtoriebshi\dzebna direqtoriebshi\Debug\vc100.idb
F:\WINAPI2-\DZEBNA DIREQTORIEBSHI\DZEBNA DIREQTORIEBSHI\DEBUG\VC100.PDB
