F:\WINAPI2-\DZEBNAA\FAILIS DZEBNA2\DEBUG\FAILIS DZEBNA2.EXE
F:\WINAPI2-\DZEBNAA\FAILIS DZEBNA2\DEBUG\FAILIS DZEBNA2.ILK
F:\WINAPI2-\DZEBNAA\FAILIS DZEBNA2\DEBUG\FAILIS DZEBNA2.PDB
F:\WINAPI2-\dzebnaa\failis dzebna2\failis dzebna2\Debug\cl.command.1.tlog
F:\WINAPI2-\dzebnaa\failis dzebna2\failis dzebna2\Debug\CL.read.1.tlog
F:\WINAPI2-\dzebnaa\failis dzebna2\failis dzebna2\Debug\CL.write.1.tlog
F:\WINAPI2-\DZEBNAA\FAILIS DZEBNA2\FAILIS DZEBNA2\DEBUG\FAILIS DZEBNA2.EXE.INTERMEDIATE.MANIFEST
F:\WINAPI2-\dzebnaa\failis dzebna2\failis dzebna2\Debug\failis dzebna2.write.1.tlog
F:\WINAPI2-\dzebnaa\failis dzebna2\failis dzebna2\Debug\link.command.1.tlog
F:\WINAPI2-\dzebnaa\failis dzebna2\failis dzebna2\Debug\link.read.1.tlog
F:\WINAPI2-\dzebnaa\failis dzebna2\failis dzebna2\Debug\link.write.1.tlog
F:\WINAPI2-\DZEBNAA\FAILIS DZEBNA2\FAILIS DZEBNA2\DEBUG\MAIN.OBJ
F:\WINAPI2-\dzebnaa\failis dzebna2\failis dzebna2\Debug\mt.command.1.tlog
F:\WINAPI2-\dzebnaa\failis dzebna2\failis dzebna2\Debug\mt.read.1.tlog
F:\WINAPI2-\dzebnaa\failis dzebna2\failis dzebna2\Debug\mt.write.1.tlog
F:\WINAPI2-\dzebnaa\failis dzebna2\failis dzebna2\Debug\vc100.idb
F:\WINAPI2-\DZEBNAA\FAILIS DZEBNA2\FAILIS DZEBNA2\DEBUG\VC100.PDB
F:\WINAPI2-\FAILIS DZEBNA2\DEBUG\FAILIS DZEBNA2.EXE
F:\WINAPI2-\FAILIS DZEBNA2\DEBUG\FAILIS DZEBNA2.ILK
F:\WINAPI2-\FAILIS DZEBNA2\DEBUG\FAILIS DZEBNA2.PDB
F:\WINAPI2-\FAILIS DZEBNA2\FAILIS DZEBNA2\DEBUG\FAILIS DZEBNA2.EXE.INTERMEDIATE.MANIFEST
F:\WINAPI2-\FAILIS DZEBNA2\FAILIS DZEBNA2\DEBUG\MAIN.OBJ
F:\WINAPI2-\FAILIS DZEBNA2\FAILIS DZEBNA2\DEBUG\VC100.PDB
